
> assignment5-6@1.0.1 eslint C:\Users\Marcelo\Documents\Marcelo\Cursos\SENECA\CPA\Semester2\WEB222\Assignments\Assignment5\assignment5-template\assignment
> eslint src/**/*.js


C:\Users\Marcelo\Documents\Marcelo\Cursos\SENECA\CPA\Semester2\WEB222\Assignments\Assignment5\assignment5-template\assignment\src\js\script.js
   24:10  error  'closePhotosPopUp' is defined but never used  no-unused-vars
   72:10  error  'openCart' is defined but never used          no-unused-vars
   79:10  error  'closeCart' is defined but never used         no-unused-vars
   86:10  error  'openInfo' is defined but never used          no-unused-vars
   92:10  error  'closeInfo' is defined but never used         no-unused-vars
   98:10  error  'showMsg' is defined but never used           no-unused-vars
  121:10  error  'zoomIn' is defined but never used            no-unused-vars

âœ– 7 problems (7 errors, 0 warnings)

npm ERR! code ELIFECYCLE
npm ERR! errno 1
npm ERR! assignment5-6@1.0.1 eslint: `eslint src/**/*.js`
npm ERR! Exit status 1
npm ERR! 
npm ERR! Failed at the assignment5-6@1.0.1 eslint script.
npm ERR! This is probably not a problem with npm. There is likely additional logging output above.

npm ERR! A complete log of this run can be found in:
npm ERR!     C:\Users\Marcelo\AppData\Roaming\npm-cache\_logs\2020-08-12T17_36_57_369Z-debug.log
